모델이 성공적으로 초기화되었습니다.
Connected to /Users/Ruffles/Projects/MAFM/MAFM/mafm/MAFM_test/MAFM_test.db
디렉토리 경로: /Users/Ruffles/Projects/MAFM/MAFM/mafm/MAFM_test/temp
Connected to /Users/Ruffles/Projects/MAFM/MAFM/mafm/MAFM_test/temp/temp.db
디렉토리 경로: /Users/Ruffles/Projects/MAFM/MAFM/mafm/MAFM_test/download
Connected to /Users/Ruffles/Projects/MAFM/MAFM/mafm/MAFM_test/download/download.db
디렉토리 경로: /Users/Ruffles/Projects/MAFM/MAFM/mafm/MAFM_test/report
Connected to /Users/Ruffles/Projects/MAFM/MAFM/mafm/MAFM_test/report/report.db
디렉토리 경로: /Users/Ruffles/Projects/MAFM/MAFM/mafm/MAFM_test/coding
Connected to /Users/Ruffles/Projects/MAFM/MAFM/mafm/MAFM_test/coding/coding.db
Embedding 하는 파일의 절대 경로: /Users/Ruffles/Projects/MAFM/MAFM/mafm/MAFM_test/download/document_download.txt
{'insert_count': 4, 'ids': [6, 6, 6, 6]}
No lock file found for /Users/Ruffles/Projects/MAFM/MAFM/mafm/MAFM_test/download/.download.db.lock
Embedding 하는 파일의 절대 경로: /Users/Ruffles/Projects/MAFM/MAFM/mafm/MAFM_test/download/software_download2.txt
{'insert_count': 4, 'ids': [7, 7, 7, 7]}
No lock file found for /Users/Ruffles/Projects/MAFM/MAFM/mafm/MAFM_test/download/.download.db.lock
Embedding 하는 파일의 절대 경로: /Users/Ruffles/Projects/MAFM/MAFM/mafm/MAFM_test/download/software_download.txt
{'insert_count': 4, 'ids': [8, 8, 8, 8]}
No lock file found for /Users/Ruffles/Projects/MAFM/MAFM/mafm/MAFM_test/download/.download.db.lock
Embedding 하는 파일의 절대 경로: /Users/Ruffles/Projects/MAFM/MAFM/mafm/MAFM_test/download/media_download.txt
{'insert_count': 4, 'ids': [9, 9, 9, 9]}
No lock file found for /Users/Ruffles/Projects/MAFM/MAFM/mafm/MAFM_test/download/.download.db.lock
Embedding 하는 파일의 절대 경로: /Users/Ruffles/Projects/MAFM/MAFM/mafm/MAFM_test/report/scientific_report.txt
{'insert_count': 4, 'ids': [10, 10, 10, 10]}
No lock file found for /Users/Ruffles/Projects/MAFM/MAFM/mafm/MAFM_test/report/.report.db.lock
Embedding 하는 파일의 절대 경로: /Users/Ruffles/Projects/MAFM/MAFM/mafm/MAFM_test/report/financial_report.txt
{'insert_count': 4, 'ids': [11, 11, 11, 11]}
No lock file found for /Users/Ruffles/Projects/MAFM/MAFM/mafm/MAFM_test/report/.report.db.lock
Embedding 하는 파일의 절대 경로: /Users/Ruffles/Projects/MAFM/MAFM/mafm/MAFM_test/report/협력 자율 주행을 위한 V2X 통신기술.pdf
{'insert_count': 23, 'ids': [12, 12, 12, 12, 12, 12, 12, 12, 12, 12, 12, 12, 12, 12, 12, 12, 12, 12, 12, 12, 12, 12, 12]}
No lock file found for /Users/Ruffles/Projects/MAFM/MAFM/mafm/MAFM_test/report/.report.db.lock
Embedding 하는 파일의 절대 경로: /Users/Ruffles/Projects/MAFM/MAFM/mafm/MAFM_test/report/test.txt
{'insert_count': 2, 'ids': [13, 13]}
No lock file found for /Users/Ruffles/Projects/MAFM/MAFM/mafm/MAFM_test/report/.report.db.lock
Embedding 하는 파일의 절대 경로: /Users/Ruffles/Projects/MAFM/MAFM/mafm/MAFM_test/report/marketing_report.txt
{'insert_count': 3, 'ids': [14, 14, 14]}
No lock file found for /Users/Ruffles/Projects/MAFM/MAFM/mafm/MAFM_test/report/.report.db.lock
디렉토리 경로: /Users/Ruffles/Projects/MAFM/MAFM/mafm/MAFM_test/coding/temp
Connected to /Users/Ruffles/Projects/MAFM/MAFM/mafm/MAFM_test/coding/temp/temp.db
디렉토리 경로: /Users/Ruffles/Projects/MAFM/MAFM/mafm/MAFM_test/coding/test_code
Connected to /Users/Ruffles/Projects/MAFM/MAFM/mafm/MAFM_test/coding/test_code/test_code.db
Embedding 하는 파일의 절대 경로: /Users/Ruffles/Projects/MAFM/MAFM/mafm/MAFM_test/coding/javascript_coding.txt
{'insert_count': 4, 'ids': [17, 17, 17, 17]}
No lock file found for /Users/Ruffles/Projects/MAFM/MAFM/mafm/MAFM_test/coding/.coding.db.lock
Embedding 하는 파일의 절대 경로: /Users/Ruffles/Projects/MAFM/MAFM/mafm/MAFM_test/coding/python_coding.txt
{'insert_count': 4, 'ids': [18, 18, 18, 18]}
No lock file found for /Users/Ruffles/Projects/MAFM/MAFM/mafm/MAFM_test/coding/.coding.db.lock
Embedding 하는 파일의 절대 경로: /Users/Ruffles/Projects/MAFM/MAFM/mafm/MAFM_test/coding/python_coding 복사본.txt
{'insert_count': 4, 'ids': [19, 19, 19, 19]}
No lock file found for /Users/Ruffles/Projects/MAFM/MAFM/mafm/MAFM_test/coding/.coding.db.lock
Embedding 하는 파일의 절대 경로: /Users/Ruffles/Projects/MAFM/MAFM/mafm/MAFM_test/coding/algorithm_coding.txt
{'insert_count': 5, 'ids': [20, 20, 20, 20, 20]}
No lock file found for /Users/Ruffles/Projects/MAFM/MAFM/mafm/MAFM_test/coding/.coding.db.lock
디렉토리 경로: /Users/Ruffles/Projects/MAFM/MAFM/mafm/MAFM_test/coding/test_code/temp
Connected to /Users/Ruffles/Projects/MAFM/MAFM/mafm/MAFM_test/coding/test_code/temp/temp.db
Embedding 하는 파일의 절대 경로: /Users/Ruffles/Projects/MAFM/MAFM/mafm/MAFM_test/coding/test_code/abc.txt
{'insert_count': 1, 'ids': [22]}
No lock file found for /Users/Ruffles/Projects/MAFM/MAFM/mafm/MAFM_test/coding/test_code/.test_code.db.lock
작업에 걸린 시간: 24.6404 초
--created--
ignore deleted: /Users/Ruffles/Projects/MAFM/MAFM/mafm/MAFM_test/report/.report.db.lock
--created--
ignore deleted: /Users/Ruffles/Projects/MAFM/MAFM/mafm/MAFM_test/.MAFM_test.db.lock
--deleted--
deleting: /Users/Ruffles/Projects/MAFM/MAFM/mafm/MAFM_test/report/test.txt
[(13,)]
Deleted records with ID: 13
No lock file found for /Users/Ruffles/Projects/MAFM/MAFM/mafm/MAFM_test/report/.report.db.lock
Deleted file: /Users/Ruffles/Projects/MAFM/MAFM/mafm/MAFM_test/report/test.txt
--created--
ignore deleted: /Users/Ruffles/Projects/MAFM/MAFM/mafm/MAFM_test/report/report.db-journal
